<?xml version="1.0" encoding="UTF-8"?>
<!-- Generated by org.testng.reporters.JUnitXMLReporter -->
<testsuite hostname="Aditya" ignored="0" name="Free CRM TestNG practise testcases" tests="4" failures="0" timestamp="28 Oct 2019 21:13:09 GMT" time="41.918" errors="0">
  <testcase name="verifyLoginPageTitle" time="0.041" classname="com.crm.qa.testcases.LoginPageTest"/>
  <testcase name="validateDealsSummarySectionTest" time="1.28" classname="com.crm.qa.testcases.HomePageTest"/>
  <testcase name="verifyLoginFunctionality" time="0.481" classname="com.crm.qa.testcases.LoginPageTest"/>
  <testcase name="verifyNavigationToContactsPageTest" time="1.414" classname="com.crm.qa.testcases.HomePageTest"/>
</testsuite> <!-- Free CRM TestNG practise testcases -->
