<?xml version="1.0" encoding="UTF-8"?>
<!-- Generated by org.testng.reporters.JUnitXMLReporter -->
<testsuite hostname="Aditya" ignored="0" name="Free CRM TestNG  testcases" tests="5" failures="0" timestamp="09 Jun 2022 06:53:13 GMT" time="28.695" errors="0">
  <testcase name="verifyLoginPageTitle" time="0.026" classname="com.crm.qa.testcases.LoginPageTest"/>
  <testcase name="validateDealsSummarySectionTest" time="1.817" classname="com.crm.qa.testcases.HomePageTest"/>
  <testcase name="verify_create_newContact_Test" time="0.0" classname="com.crm.qa.testcases.ContactsPageTest">
    <skipped/>
  </testcase> <!-- verify_create_newContact_Test -->
  <testcase name="verifyLoginFunctionality" time="3.641" classname="com.crm.qa.testcases.LoginPageTest"/>
  <testcase name="verifyNavigationToContactsPageTest" time="1.085" classname="com.crm.qa.testcases.HomePageTest"/>
</testsuite> <!-- Free CRM TestNG  testcases -->
